d:\十一届\c++开发\splendidtunes\splendidtunes\splendidtunes\debug\vc120.pdb
d:\十一届\c++开发\splendidtunes\splendidtunes\splendidtunes\debug\mainform.obj
d:\十一届\c++开发\splendidtunes\splendidtunes\splendidtunes\debug\.netframework,version=v4.6.2.assemblyattributes.obj
d:\十一届\c++开发\splendidtunes\splendidtunes\debug\splendidtunes.exe
d:\十一届\c++开发\splendidtunes\splendidtunes\debug\splendidtunes.pdb
d:\十一届\c++开发\splendidtunes\splendidtunes\splendidtunes\debug\splendidtunes.tlog\metagen.write.1.tlog
d:\十一届\c++开发\splendidtunes\splendidtunes\splendidtunes\debug\splendidtunes.res
d:\十一届\c++开发\splendidtunes\splendidtunes\debug\axinterop.wmplib.dll
d:\十一届\c++开发\splendidtunes\splendidtunes\debug\interop.wmplib.dll
d:\十一届\c++开发\splendidtunes\splendidtunes\splendidtunes\debug\splendidtunes.mainform.resources
d:\十一届\c++开发\splendidtunes\splendidtunes\splendidtunes\debug\splendidtunes.vcxproj.generateresource.cache
d:\十一届\c++开发\splendidtunes\splendidtunes\splendidtunes\debug\splendidtunes.tlog\cl.command.1.tlog
d:\十一届\c++开发\splendidtunes\splendidtunes\splendidtunes\debug\splendidtunes.tlog\cl.read.1.tlog
d:\十一届\c++开发\splendidtunes\splendidtunes\splendidtunes\debug\splendidtunes.tlog\cl.write.1.tlog
d:\十一届\c++开发\splendidtunes\splendidtunes\splendidtunes\debug\splendidtunes.tlog\link.command.1.tlog
d:\十一届\c++开发\splendidtunes\splendidtunes\splendidtunes\debug\splendidtunes.tlog\link.read.1.tlog
d:\十一届\c++开发\splendidtunes\splendidtunes\splendidtunes\debug\splendidtunes.tlog\link.write.1.tlog
d:\十一届\c++开发\splendidtunes\splendidtunes\splendidtunes\debug\splendidtunes.tlog\metagen.read.1.tlog
d:\十一届\c++开发\splendidtunes\splendidtunes\splendidtunes\debug\splendidtunes.tlog\rc.command.1.tlog
d:\十一届\c++开发\splendidtunes\splendidtunes\splendidtunes\debug\splendidtunes.tlog\rc.read.1.tlog
d:\十一届\c++开发\splendidtunes\splendidtunes\splendidtunes\debug\splendidtunes.tlog\rc.write.1.tlog
d:\十一届\c++开发\splendidtunes\splendidtunes\splendidtunes\debug\splendidtunes.tlog\splendidtunes.write.1u.tlog
d:\十一届\c++开发\splendidtunes\splendidtunes\splendidtunes\debug\splendidtunes.tlog\interop.wmplib.dll.metagen
d:\十一届\c++开发\splendidtunes\splendidtunes\splendidtunes\debug\splendidtunes.tlog\tzres.dll.bi
